
------------------------
2018.06.26 13:58:19
POST
Array
(
    [action] => contact_form_action
    [data] => Array
        (
            [name] => TEST PL
            [email] => test@test.ua
            [phone] => 0951112233
            [message] => TEST!
        )

)

------------------------

------------------------
2018.06.26 14:13:03
POST
Array
(
    [action] => contact_form_action
    [data] => Array
        (
            [name] => TEST PL
            [email] => test@test.ua
            [phone] => 0951112233
            [message] => TEST COMMENT!
        )

)

------------------------

------------------------
2018.06.26 14:46:39
POST
Array
(
    [action] => contact_form_action
    [data] => Array
        (
            [name] => TEST PL
            [email] => test@test.ua
            [phone] => 0951112233
            [message] => TEST COMMENT!
        )

)

------------------------

------------------------
2018.06.27 10:28:33
POST
Array
(
    [action] => contact_form_action
    [data] => Array
        (
            [name] => Test
            [email] => for@example.com
            [phone] => +380967788999
            [message] => Test
        )

)

------------------------

------------------------
2018.07.16 12:58:31
POST
Array
(
    [action] => contact_form_action
    [data] => Array
        (
            [name] => Юлия Гридина
            [email] => medvide@ukr.net
            [phone] => 0933794081
            [message] => Добрый день! Меня зовут Гридина Юлия. Я преподаватель чешского языка. Если вы заинтересованы в сотрудничестве, пожалуйста, свяжитесь со мной.
        )

)

------------------------
